-------------------------------------------------------------------------------
Test set: example.project.domain.TestScenario
-------------------------------------------------------------------------------
Tests run: 1, Failures: 1, Errors: 0, Skipped: 0, Time elapsed: 0.028 s <<< FAILURE! - in example.project.domain.TestScenario
testEquality  Time elapsed: 0.012 s  <<< FAILURE!
org.opentest4j.AssertionFailedError: 
	at example.project.domain.TestScenario.testEquality(TestScenario.java:30)

