<?xml version="1.0" encoding="UTF-8"?>
<testsuite xmlns:xsi="http://www.w3.org/2001/XMLSchema-instance" xsi:noNamespaceSchemaLocation="https://maven.apache.org/surefire/maven-surefire-plugin/xsd/surefire-test-report.xsd" name="example.project.TestADS" time="0.011" tests="2" errors="0" skipped="0" failures="2">
  <properties>
[...]
</properties>
  <testcase name="testPrintPath" classname="example.project.TestADS" time="0.002">
    <failure type="org.opentest4j.AssertionFailedError:">org.opentest4j.AssertionFailedError: 
	at example.project.TestADS.testPrintPath(TestADS.java:17)
</failure>
  </testcase>
  <testcase name="testPredict" classname="example.project.TestADS" time="0.007">
    <failure message="expected: &lt;[0, 0]&gt; but was: &lt;null&gt;" type="org.opentest4j.AssertionFailedError"><![CDATA[org.opentest4j.AssertionFailedError: expected: <[0, 0]> but was: <null>
	at example.project.TestADS.testPredict(TestADS.java:27)
]]></failure>
    <system-out><![CDATA[WARNING: ADS.predict() is not yet implemented.
]]></system-out>
  </testcase>
</testsuite>